\BOOKMARK [1][-]{section*.8}{INTRODUCCI\323N}{}% 1
\BOOKMARK [1][-]{section.1}{Contexto}{}% 2
\BOOKMARK [2][-]{subsection.1.1}{Objetivos}{section.1}% 3
\BOOKMARK [3][-]{subsubsection.1.1.1}{GENERAL}{subsection.1.1}% 4
\BOOKMARK [3][-]{subsubsection.1.1.2}{Especificos}{subsection.1.1}% 5
\BOOKMARK [2][-]{subsection.1.2}{Alcance y delimitaci\357\277\275n}{section.1}% 6
\BOOKMARK [2][-]{subsection.1.3}{Presupuesto}{section.1}% 7
<<<<<<< .mine
\BOOKMARK [2][-]{subsection.1.4}{Pruebas del sistema}{section.1}% 8
\BOOKMARK [3][-]{subsubsection.1.4.1}{Prueba del Hardware}{subsection.1.4}% 9
\BOOKMARK [2][-]{subsection.1.5}{CUERPO DEL TRABAJO}{section.1}% 10
\BOOKMARK [2][-]{subsection.1.6}{BIBLIOGRAF\357\277\275A}{section.1}% 11
\BOOKMARK [1][-]{section.2}{OBJETOS FLOTANTES: FIGURAS Y TABLAS}{}% 12
\BOOKMARK [2][-]{subsection.2.1}{FIGURAS}{section.2}% 13
\BOOKMARK [2][-]{subsection.2.2}{TABLAS}{section.2}% 14
\BOOKMARK [1][-]{section.3}{ECUACIONES}{}% 15
\BOOKMARK [1][-]{section*.9}{CONCLUSIONES}{}% 16
\BOOKMARK [1][-]{section*.10}{BIBLIOGRAF\315A}{}% 17
\BOOKMARK [1][-]{section*.10}{ANEXOS}{}% 18
\BOOKMARK [1][-]{appendix.A}{ART\357\277\275CULO PUBLICABLE}{}% 19
\BOOKMARK [1][-]{appendix.B}{ANTEPROYECTO}{}% 20
=======
\BOOKMARK [2][-]{subsection.1.4}{Desarrollo}{section.1}% 8
\BOOKMARK [3][-]{subsubsection.1.4.1}{AN\301LISIS}{subsection.1.4}% 9
\BOOKMARK [4][-]{paragraph.1.4.1.1}{Investigaci\363n:}{subsubsection.1.4.1}% 10
\BOOKMARK [2][-]{subsection.1.5}{Pruebas del sistema}{section.1}% 11
\BOOKMARK [3][-]{subsubsection.1.5.1}{Prueba del Hardware}{subsection.1.5}% 12
\BOOKMARK [2][-]{subsection.1.6}{CUERPO DEL TRABAJO}{section.1}% 13
\BOOKMARK [2][-]{subsection.1.7}{BIBLIOGRAF\315A}{section.1}% 14
\BOOKMARK [1][-]{section.2}{OBJETOS FLOTANTES: FIGURAS Y TABLAS}{}% 15
\BOOKMARK [2][-]{subsection.2.1}{FIGURAS}{section.2}% 16
\BOOKMARK [2][-]{subsection.2.2}{TABLAS}{section.2}% 17
\BOOKMARK [1][-]{section.3}{ECUACIONES}{}% 18
\BOOKMARK [1][-]{section*.9}{CONCLUSIONES}{}% 19
\BOOKMARK [1][-]{section*.10}{BIBLIOGRAF\315A}{}% 20
\BOOKMARK [1][-]{section*.10}{ANEXOS}{}% 21
\BOOKMARK [1][-]{appendix.A}{ART\315CULO PUBLICABLE}{}% 22
\BOOKMARK [1][-]{appendix.B}{ANTEPROYECTO}{}% 23
>>>>>>> .r210
