\BOOKMARK [1][-]{section*.9}{INTRODUCCI\323N}{}% 1
\BOOKMARK [1][-]{section.1}{Cumplimiento Objetivos}{}% 2
\BOOKMARK [1][-]{section.2}{Contexto}{}% 3
\BOOKMARK [2][-]{subsection.2.1}{Planteamiento del problema}{section.2}% 4
\BOOKMARK [2][-]{subsection.2.2}{Objetivos}{section.2}% 5
\BOOKMARK [3][-]{subsubsection.2.2.1}{General}{subsection.2.2}% 6
\BOOKMARK [3][-]{subsubsection.2.2.2}{Espec\355ficos}{subsection.2.2}% 7
\BOOKMARK [2][-]{subsection.2.3}{Alcance y delimitaci\363n}{section.2}% 8
\BOOKMARK [2][-]{subsection.2.4}{Presupuesto}{section.2}% 9
\BOOKMARK [2][-]{subsection.2.5}{Cronograma}{section.2}% 10
\BOOKMARK [1][-]{section.3}{Desarrollo}{}% 11
\BOOKMARK [2][-]{subsection.3.1}{AN\301LISIS}{section.3}% 12
\BOOKMARK [3][-]{subsubsection.3.1.1}{Investigaci\363n}{subsection.3.1}% 13
\BOOKMARK [2][-]{subsection.3.2}{REQUISITOS}{section.3}% 14
\BOOKMARK [3][-]{subsubsection.3.2.1}{Necesidades concretas}{subsection.3.2}% 15
\BOOKMARK [3][-]{subsubsection.3.2.2}{Especificaci\363n de los casos de uso}{subsection.3.2}% 16
\BOOKMARK [2][-]{subsection.3.3}{DISE\321O}{section.3}% 17
\BOOKMARK [3][-]{subsubsection.3.3.1}{Dise\361o del software}{subsection.3.3}% 18
\BOOKMARK [3][-]{subsubsection.3.3.2}{Dise\361o de base de datos}{subsection.3.3}% 19
\BOOKMARK [3][-]{subsubsection.3.3.3}{Dise\361o del Modulo de Lectura de sensores \(Aplicacion JAVA\)}{subsection.3.3}% 20
\BOOKMARK [3][-]{subsubsection.3.3.4}{Dise\361o del Modulo hardware}{subsection.3.3}% 21
\BOOKMARK [3][-]{subsubsection.3.3.5}{Implantaci\363n del hardware}{subsection.3.3}% 22
\BOOKMARK [2][-]{subsection.3.4}{IMPLEMENTACI\323N}{section.3}% 23
\BOOKMARK [3][-]{subsubsection.3.4.1}{Desarrollo aplicaci\363n Web}{subsection.3.4}% 24
\BOOKMARK [3][-]{subsubsection.3.4.2}{Desarrollo Aplicaci\363n JAVA}{subsection.3.4}% 25
\BOOKMARK [2][-]{subsection.3.5}{Pruebas del sistema}{section.3}% 26
\BOOKMARK [3][-]{subsubsection.3.5.1}{Prueba del Hardware}{subsection.3.5}% 27
\BOOKMARK [3][-]{subsubsection.3.5.2}{Pruebas Usabilidad}{subsection.3.5}% 28
\BOOKMARK [3][-]{subsubsection.3.5.3}{Pruebas de Aceptaci\363n}{subsection.3.5}% 29
\BOOKMARK [4][-]{paragraph.3.5.3.1}{Escenario 1: El actor M\351dico crea un paciente en el sistema Telecare TOC.}{subsubsection.3.5.3}% 30
\BOOKMARK [4][-]{paragraph.3.5.3.2}{Escenario 2: El actor M\351dico entrevista un paciente y genera un tratamiento.}{subsubsection.3.5.3}% 31
\BOOKMARK [4][-]{paragraph.3.5.3.3}{Escenario 3: El actor M\351dico analiza los resultados del monitoreo de un paciente.}{subsubsection.3.5.3}% 32
\BOOKMARK [1][-]{section.4}{RESULTADOS}{}% 33
\BOOKMARK [1][-]{section.5}{CONCLUSIONES Y TRABAJO FUTURO}{}% 34
\BOOKMARK [1][-]{section*.10}{BIBLIOGRAF\315A}{}% 35
\BOOKMARK [1][-]{section.6}{Anexos}{}% 36
