This is pdfTeX, Version 3.1415926-2.5-1.40.14 (MiKTeX 2.9) (preloaded format=pdflatex 2015.8.5)  29 AUG 2015 16:41
entering extended mode
**upbthesis.tex

("C:\Users\oarce\Desktop\Proyecto Grado\proyecto-grado\trunk\Trabajo de grado\T
rabajo_latex_2\upbthesis.tex"
LaTeX2e <2011/06/27>
Babel <v3.8m> and hyphenation patterns for english, afrikaans, ancientgreek, ar
abic, armenian, assamese, basque, bengali, bokmal, bulgarian, catalan, coptic, 
croatian, czech, danish, dutch, esperanto, estonian, farsi, finnish, french, ga
lician, german, german-x-2013-05-26, greek, gujarati, hindi, hungarian, iceland
ic, indonesian, interlingua, irish, italian, kannada, kurmanji, latin, latvian,
 lithuanian, malayalam, marathi, mongolian, mongolianlmc, monogreek, ngerman, n
german-x-2013-05-26, nynorsk, oriya, panjabi, pinyin, polish, portuguese, roman
ian, russian, sanskrit, serbian, slovak, slovenian, spanish, swedish, swissgerm
an, tamil, telugu, turkish, turkmen, ukenglish, ukrainian, uppersorbian, usengl
ishmax, welsh, loaded.

("C:\Users\oarce\Desktop\Proyecto Grado\proyecto-grado\trunk\Trabajo de grado\T
rabajo_latex_2\upbthesis.cls"
Document Class: upbthesis 2010/01/27 v1.1 UPB LaTeX Thesis class
(C:\mikTex\tex\latex\base\inputenc.sty
Package: inputenc 2008/03/30 v1.1d Input encoding file
\inpenc@prehook=\toks14
\inpenc@posthook=\toks15
 (C:\mikTex\tex\latex\base\latin1.def
File: latin1.def 2008/03/30 v1.1d Input encoding file
))
(C:\mikTex\tex\latex\tools\multicol.sty
Package: multicol 2011/06/27 v1.7a multicolumn formatting (FMi)
\c@tracingmulticols=\count79
\mult@box=\box26
\multicol@leftmargin=\dimen102
\c@unbalance=\count80
\c@collectmore=\count81
\doublecol@number=\count82
\multicoltolerance=\count83
\multicolpretolerance=\count84
\full@width=\dimen103
\page@free=\dimen104
\premulticols=\dimen105
\postmulticols=\dimen106
\multicolsep=\skip41
\multicolbaselineskip=\skip42
\partial@page=\box27
\last@line=\box28
\mult@rightbox=\box29
\mult@grightbox=\box30
\mult@gfirstbox=\box31
\mult@firstbox=\box32
\@tempa=\box33
\@tempa=\box34
\@tempa=\box35
\@tempa=\box36
\@tempa=\box37
\@tempa=\box38
\@tempa=\box39
\@tempa=\box40
\@tempa=\box41
\@tempa=\box42
\@tempa=\box43
\@tempa=\box44
\@tempa=\box45
\@tempa=\box46
\@tempa=\box47
\@tempa=\box48
\@tempa=\box49
\c@columnbadness=\count85
\c@finalcolumnbadness=\count86
\last@try=\dimen107
\multicolovershoot=\dimen108
\multicolundershoot=\dimen109
\mult@nat@firstbox=\box50
\colbreak@box=\box51
\multicol@sort@counter=\count87
)
\c@section=\count88
\c@subsection=\count89
\c@subsubsection=\count90
\c@paragraph=\count91
\c@subparagraph=\count92
\c@figure=\count93
\c@table=\count94
\abovecaptionskip=\skip43
\belowcaptionskip=\skip44
)
(C:\mikTex\tex\latex\graphics\graphicx.sty
Package: graphicx 1999/02/16 v1.0f Enhanced LaTeX Graphics (DPC,SPQR)

(C:\mikTex\tex\latex\graphics\keyval.sty
Package: keyval 1999/03/16 v1.13 key=value parser (DPC)
\KV@toks@=\toks16
)
(C:\mikTex\tex\latex\graphics\graphics.sty
Package: graphics 2009/02/05 v1.0o Standard LaTeX Graphics (DPC,SPQR)

(C:\mikTex\tex\latex\graphics\trig.sty
Package: trig 1999/03/16 v1.09 sin cos tan (DPC)
)
(C:\mikTex\tex\latex\00miktex\graphics.cfg
File: graphics.cfg 2007/01/18 v1.5 graphics configuration of teTeX/TeXLive
)
Package graphics Info: Driver file: pdftex.def on input line 91.

(C:\mikTex\tex\latex\pdftex-def\pdftex.def
File: pdftex.def 2011/05/27 v0.06d Graphics/color for pdfTeX

(C:\mikTex\tex\generic\oberdiek\infwarerr.sty
Package: infwarerr 2010/04/08 v1.3 Providing info/warning/error messages (HO)
)
(C:\mikTex\tex\generic\oberdiek\ltxcmds.sty
Package: ltxcmds 2011/11/09 v1.22 LaTeX kernel commands for general use (HO)
)
\Gread@gobject=\count95
))
\Gin@req@height=\dimen110
\Gin@req@width=\dimen111
)
(C:\mikTex\tex\latex\float\float.sty
Package: float 2001/11/08 v1.3d Float enhancements (AL)
\c@float@type=\count96
\float@exts=\toks17
\float@box=\box52
\@float@everytoks=\toks18
\@floatcapt=\box53
) (C:\mikTex\tex\latex\tools\array.sty
Package: array 2008/09/09 v2.4c Tabular extension package (FMi)
\col@sep=\dimen112
\extrarowheight=\dimen113
\NC@list=\toks19
\extratabsurround=\skip45
\backup@length=\skip46
)
(C:\mikTex\tex\latex\tools\longtable.sty
Package: longtable 2004/02/01 v4.11 Multi-page Table package (DPC)
\LTleft=\skip47
\LTright=\skip48
\LTpre=\skip49
\LTpost=\skip50
\LTchunksize=\count97
\LTcapwidth=\dimen114
\LT@head=\box54
\LT@firsthead=\box55
\LT@foot=\box56
\LT@lastfoot=\box57
\LT@cols=\count98
\LT@rows=\count99
\c@LT@tables=\count100
\c@LT@chunks=\count101
\LT@p@ftn=\toks20
)
(C:\mikTex\tex\latex\tools\enumerate.sty
Package: enumerate 1999/03/05 v3.00 enumerate extensions (DPC)
\@enLab=\toks21
) (C:\mikTex\tex\latex\cite\cite.sty
LaTeX Info: Redefining \cite on input line 302.
LaTeX Info: Redefining \nocite on input line 332.
Package: cite 2015/02/27  v 5.5
)
(C:\mikTex\tex\latex\amsfonts\amsfonts.sty
Package: amsfonts 2013/01/14 v3.01 Basic AMSFonts support
\@emptytoks=\toks22
\symAMSa=\mathgroup4
\symAMSb=\mathgroup5
LaTeX Font Info:    Overwriting math alphabet `\mathfrak' in version `bold'
(Font)                  U/euf/m/n --> U/euf/b/n on input line 106.
)
(C:\mikTex\tex\latex\amsmath\amsmath.sty
Package: amsmath 2013/01/14 v2.14 AMS math features
\@mathmargin=\skip51

For additional information on amsmath, use the `?' option.
(C:\mikTex\tex\latex\amsmath\amstext.sty
Package: amstext 2000/06/29 v2.01

(C:\mikTex\tex\latex\amsmath\amsgen.sty
File: amsgen.sty 1999/11/30 v2.0
\@emptytoks=\toks23
\ex@=\dimen115
))
(C:\mikTex\tex\latex\amsmath\amsbsy.sty
Package: amsbsy 1999/11/29 v1.2d
\pmbraise@=\dimen116
)
(C:\mikTex\tex\latex\amsmath\amsopn.sty
Package: amsopn 1999/12/14 v2.01 operator names
)
\inf@bad=\count102
LaTeX Info: Redefining \frac on input line 210.
\uproot@=\count103
\leftroot@=\count104
LaTeX Info: Redefining \overline on input line 306.
\classnum@=\count105
\DOTSCASE@=\count106
LaTeX Info: Redefining \ldots on input line 378.
LaTeX Info: Redefining \dots on input line 381.
LaTeX Info: Redefining \cdots on input line 466.
\Mathstrutbox@=\box58
\strutbox@=\box59
\big@size=\dimen117
LaTeX Font Info:    Redeclaring font encoding OML on input line 566.
LaTeX Font Info:    Redeclaring font encoding OMS on input line 567.
\macc@depth=\count107
\c@MaxMatrixCols=\count108
\dotsspace@=\muskip10
\c@parentequation=\count109
\dspbrk@lvl=\count110
\tag@help=\toks24
\row@=\count111
\column@=\count112
\maxfields@=\count113
\andhelp@=\toks25
\eqnshift@=\dimen118
\alignsep@=\dimen119
\tagshift@=\dimen120
\tagwidth@=\dimen121
\totwidth@=\dimen122
\lineht@=\dimen123
\@envbody=\toks26
\multlinegap=\skip52
\multlinetaggap=\skip53
\mathdisplay@stack=\toks27
LaTeX Info: Redefining \[ on input line 2665.
LaTeX Info: Redefining \] on input line 2666.
)
(C:\mikTex\tex\latex\graphics\color.sty
Package: color 2005/11/14 v1.0j Standard LaTeX Color (DPC)
 (C:\mikTex\tex\latex\00miktex\color.cfg
File: color.cfg 2007/01/18 v1.5 color configuration of teTeX/TeXLive
)
Package color Info: Driver file: pdftex.def on input line 130.
 (C:\mikTex\tex\latex\graphics\dvipsnam.def
File: dvipsnam.def 1999/02/16 v3.0i Driver-dependant file (DPC,SPQR)
))
(C:\mikTex\tex\latex\xcolor\xcolor.sty
Package: xcolor 2007/01/21 v2.11 LaTeX color extensions (UK)
 (C:\mikTex\tex\latex\00miktex\color.cfg
File: color.cfg 2007/01/18 v1.5 color configuration of teTeX/TeXLive
)
Package xcolor Info: Driver file: pdftex.def on input line 225.
LaTeX Info: Redefining \color on input line 702.
Package xcolor Info: Model `cmy' substituted by `cmy0' on input line 1337.
Package xcolor Info: Model `hsb' substituted by `rgb' on input line 1341.
Package xcolor Info: Model `RGB' extended on input line 1353.
Package xcolor Info: Model `HTML' substituted by `rgb' on input line 1355.
Package xcolor Info: Model `Hsb' substituted by `hsb' on input line 1356.
Package xcolor Info: Model `tHsb' substituted by `hsb' on input line 1357.
Package xcolor Info: Model `HSB' substituted by `hsb' on input line 1358.
Package xcolor Info: Model `Gray' substituted by `gray' on input line 1359.
Package xcolor Info: Model `wave' substituted by `hsb' on input line 1360.
) (C:\mikTex\tex\latex\colortbl\colortbl.sty
Package: colortbl 2012/02/13 v1.0a Color table columns (DPC)
\everycr=\toks28
\minrowclearance=\skip54
)
(C:\mikTex\tex\latex\hyperref\hyperref.sty
Package: hyperref 2012/11/06 v6.83m Hypertext links for LaTeX

(C:\mikTex\tex\generic\oberdiek\hobsub-hyperref.sty
Package: hobsub-hyperref 2012/04/25 v1.12 Bundle oberdiek, subset hyperref (HO)


(C:\mikTex\tex\generic\oberdiek\hobsub-generic.sty
Package: hobsub-generic 2012/04/25 v1.12 Bundle oberdiek, subset generic (HO)
Package: hobsub 2012/04/25 v1.12 Construct package bundles (HO)
Package hobsub Info: Skipping package `infwarerr' (already loaded).
Package hobsub Info: Skipping package `ltxcmds' (already loaded).
Package: ifluatex 2010/03/01 v1.3 Provides the ifluatex switch (HO)
Package ifluatex Info: LuaTeX not detected.
Package: ifvtex 2010/03/01 v1.5 Detect VTeX and its facilities (HO)
Package ifvtex Info: VTeX not detected.
Package: intcalc 2007/09/27 v1.1 Expandable calculations with integers (HO)
Package: ifpdf 2011/01/30 v2.3 Provides the ifpdf switch (HO)
Package ifpdf Info: pdfTeX in PDF mode is detected.
Package: etexcmds 2011/02/16 v1.5 Avoid name clashes with e-TeX commands (HO)
Package etexcmds Info: Could not find \expanded.
(etexcmds)             That can mean that you are not using pdfTeX 1.50 or
(etexcmds)             that some package has redefined \expanded.
(etexcmds)             In the latter case, load this package earlier.
Package: kvsetkeys 2012/04/25 v1.16 Key value parser (HO)
Package: kvdefinekeys 2011/04/07 v1.3 Define keys (HO)
Package: pdftexcmds 2011/11/29 v0.20 Utility functions of pdfTeX for LuaTeX (HO
)
Package pdftexcmds Info: LuaTeX not detected.
Package pdftexcmds Info: \pdf@primitive is available.
Package pdftexcmds Info: \pdf@ifprimitive is available.
Package pdftexcmds Info: \pdfdraftmode found.
Package: pdfescape 2011/11/25 v1.13 Implements pdfTeX's escape features (HO)
Package: bigintcalc 2012/04/08 v1.3 Expandable calculations on big integers (HO
)
Package: bitset 2011/01/30 v1.1 Handle bit-vector datatype (HO)
Package: uniquecounter 2011/01/30 v1.2 Provide unlimited unique counter (HO)
)
Package hobsub Info: Skipping package `hobsub' (already loaded).
Package: letltxmacro 2010/09/02 v1.4 Let assignment for LaTeX macros (HO)
Package: hopatch 2011/06/24 v1.1 Wrapper for package hooks (HO)
Package: xcolor-patch 2011/01/30 xcolor patch
Package: atveryend 2011/06/30 v1.8 Hooks at the very end of document (HO)
Package atveryend Info: \enddocument detected (standard20110627).
Package: atbegshi 2011/10/05 v1.16 At begin shipout hook (HO)
Package: refcount 2011/10/16 v3.4 Data extraction from label references (HO)
Package: hycolor 2011/01/30 v1.7 Color options for hyperref/bookmark (HO)
)
(C:\mikTex\tex\generic\ifxetex\ifxetex.sty
Package: ifxetex 2010/09/12 v0.6 Provides ifxetex conditional
)
(C:\mikTex\tex\latex\oberdiek\auxhook.sty
Package: auxhook 2011/03/04 v1.3 Hooks for auxiliary files (HO)
)
(C:\mikTex\tex\latex\oberdiek\kvoptions.sty
Package: kvoptions 2011/06/30 v3.11 Key value format for package options (HO)
)
\@linkdim=\dimen124
\Hy@linkcounter=\count114
\Hy@pagecounter=\count115

(C:\mikTex\tex\latex\hyperref\pd1enc.def
File: pd1enc.def 2012/11/06 v6.83m Hyperref: PDFDocEncoding definition (HO)
)
\Hy@SavedSpaceFactor=\count116

(C:\mikTex\tex\latex\00miktex\hyperref.cfg
File: hyperref.cfg 2002/06/06 v1.2 hyperref configuration of TeXLive
)
Package hyperref Info: Hyper figures OFF on input line 4443.
Package hyperref Info: Link nesting OFF on input line 4448.
Package hyperref Info: Hyper index ON on input line 4451.
Package hyperref Info: Plain pages OFF on input line 4458.
Package hyperref Info: Backreferencing OFF on input line 4463.
Package hyperref Info: Implicit mode ON; LaTeX internals redefined.
Package hyperref Info: Bookmarks ON on input line 4688.
\c@Hy@tempcnt=\count117
 (C:\mikTex\tex\latex\url\url.sty
\Urlmuskip=\muskip11
Package: url 2013/09/16  ver 3.4  Verb mode for urls, etc.
)
LaTeX Info: Redefining \url on input line 5041.
\XeTeXLinkMargin=\dimen125
\Fld@menulength=\count118
\Field@Width=\dimen126
\Fld@charsize=\dimen127
Package hyperref Info: Hyper figures OFF on input line 6295.
Package hyperref Info: Link nesting OFF on input line 6300.
Package hyperref Info: Hyper index ON on input line 6303.
Package hyperref Info: backreferencing OFF on input line 6310.
Package hyperref Info: Link coloring OFF on input line 6315.
Package hyperref Info: Link coloring with OCG OFF on input line 6320.
Package hyperref Info: PDF/A mode OFF on input line 6325.
LaTeX Info: Redefining \ref on input line 6365.
LaTeX Info: Redefining \pageref on input line 6369.
\Hy@abspage=\count119
\c@Item=\count120
\c@Hfootnote=\count121
)

Package hyperref Message: Driver (autodetected): hpdftex.

(C:\mikTex\tex\latex\hyperref\hpdftex.def
File: hpdftex.def 2012/11/06 v6.83m Hyperref driver for pdfTeX
\Fld@listcount=\count122
\c@bookmark@seq@number=\count123

(C:\mikTex\tex\latex\oberdiek\rerunfilecheck.sty
Package: rerunfilecheck 2011/04/15 v1.7 Rerun checks for auxiliary files (HO)
Package uniquecounter Info: New unique counter `rerunfilecheck' on input line 2
82.
)
\Hy@SectionHShift=\skip55
)
Package hyperref Info: Option `colorlinks' set `true' on input line 23.

("C:\Users\oarce\Desktop\Proyecto Grado\proyecto-grado\trunk\Trabajo de grado\T
rabajo_latex_2\upbthesis.aux")
LaTeX Font Info:    Checking defaults for OML/cmm/m/it on input line 36.
LaTeX Font Info:    ... okay on input line 36.
LaTeX Font Info:    Checking defaults for T1/cmr/m/n on input line 36.
LaTeX Font Info:    ... okay on input line 36.
LaTeX Font Info:    Checking defaults for OT1/cmr/m/n on input line 36.
LaTeX Font Info:    ... okay on input line 36.
LaTeX Font Info:    Checking defaults for OMS/cmsy/m/n on input line 36.
LaTeX Font Info:    ... okay on input line 36.
LaTeX Font Info:    Checking defaults for OMX/cmex/m/n on input line 36.
LaTeX Font Info:    ... okay on input line 36.
LaTeX Font Info:    Checking defaults for U/cmr/m/n on input line 36.
LaTeX Font Info:    ... okay on input line 36.
LaTeX Font Info:    Checking defaults for PD1/pdf/m/n on input line 36.
LaTeX Font Info:    ... okay on input line 36.
 (C:\mikTex\tex\context\base\supp-pdf.mkii
[Loading MPS to PDF converter (version 2006.09.02).]
\scratchcounter=\count124
\scratchdimen=\dimen128
\scratchbox=\box60
\nofMPsegments=\count125
\nofMParguments=\count126
\everyMPshowfont=\toks29
\MPscratchCnt=\count127
\MPscratchDim=\dimen129
\MPnumerator=\count128
\makeMPintoPDFobject=\count129
\everyMPtoPDFconversion=\toks30
)
\AtBeginShipoutBox=\box61
Package hyperref Info: Link coloring ON on input line 36.
 (C:\mikTex\tex\latex\hyperref\nameref.sty
Package: nameref 2012/10/27 v2.43 Cross-referencing by name of section

(C:\mikTex\tex\generic\oberdiek\gettitlestring.sty
Package: gettitlestring 2010/12/03 v1.4 Cleanup title references (HO)
)
\c@section@level=\count130
)
LaTeX Info: Redefining \ref on input line 36.
LaTeX Info: Redefining \pageref on input line 36.
LaTeX Info: Redefining \nameref on input line 36.

("C:\Users\oarce\Desktop\Proyecto Grado\proyecto-grado\trunk\Trabajo de grado\T
rabajo_latex_2\upbthesis.out")
("C:\Users\oarce\Desktop\Proyecto Grado\proyecto-grado\trunk\Trabajo de grado\T
rabajo_latex_2\upbthesis.out")
\@outlinefile=\write3
LaTeX Font Info:    Try loading font information for U+msa on input line 42.
 (C:\mikTex\tex\latex\amsfonts\umsa.fd
File: umsa.fd 2013/01/14 v3.01 AMS symbols A
)
LaTeX Font Info:    Try loading font information for U+msb on input line 42.

(C:\mikTex\tex\latex\amsfonts\umsb.fd
File: umsb.fd 2013/01/14 v3.01 AMS symbols B
) [1

{C:/Users/oarce/AppData/Local/MiKTeX/2.9/pdftex/config/pdftex.map}] [2

] [3


] [4


]
Underfull \hbox (badness 10000) in paragraph at lines 59--64

 []

[5

]
("C:\Users\oarce\Desktop\Proyecto Grado\proyecto-grado\trunk\Trabajo de grado\T
rabajo_latex_2\upbthesis.toc"
Underfull \vbox (badness 6252) has occurred while \output is active []

 [6

])
\tf@toc=\write4

[7] [8]
("C:\Users\oarce\Desktop\Proyecto Grado\proyecto-grado\trunk\Trabajo de grado\T
rabajo_latex_2\upbthesis.lof"
Underfull \vbox (badness 1112) has occurred while \output is active []

 [9

]
Underfull \vbox (badness 4518) has occurred while \output is active []

 [10])
\tf@lof=\write5

[11]
("C:\Users\oarce\Desktop\Proyecto Grado\proyecto-grado\trunk\Trabajo de grado\T
rabajo_latex_2\upbthesis.lot")
\tf@lot=\write6
 [12

]
Overfull \hbox (2.04672pt too wide) in paragraph at lines 72--84
\OT1/cmr/m/n/12 TARJETA DE ADQUISICI[]ON DE DATOS: Dis-pos-i-tivo electronico 
en-car-gado de recibir
 []


Underfull \hbox (badness 10000) in paragraph at lines 72--84

 []


Underfull \vbox (badness 10000) has occurred while \output is active []

 [13

]
[14]
Overfull \hbox (3.25258pt too wide) in paragraph at lines 90--93
\OT1/cmr/m/n/12 TAMIENTO DE UN PA-CIENTE DI-AG-NOS-TI-CADO CON TRASTORNO OB-SES
IVO
 []

[15

] [16

] [17


] [18

]
LaTeX Font Info:    Try loading font information for OMS+cmr on input line 145.

 (C:\mikTex\tex\latex\base\omscmr.fd
File: omscmr.fd 1999/05/25 v2.5h Standard LaTeX font definitions
)
LaTeX Font Info:    Font shape `OMS/cmr/m/n' in size <12> not available
(Font)              Font shape `OMS/cmsy/m/n' tried instead on input line 145.

Underfull \hbox (badness 10000) in paragraph at lines 150--151

 []


Underfull \vbox (badness 10000) has occurred while \output is active []

 [19

]
Underfull \hbox (badness 10000) in paragraph at lines 153--154

 []


Underfull \hbox (badness 10000) in paragraph at lines 156--157

 []


Underfull \hbox (badness 10000) in paragraph at lines 158--159

 []


Underfull \hbox (badness 10000) in paragraph at lines 160--161

 []


Underfull \hbox (badness 10000) in paragraph at lines 162--163

 []


Underfull \hbox (badness 10000) in paragraph at lines 164--165

 []


Underfull \vbox (badness 10000) has occurred while \output is active []

 [20]
Overfull \hbox (8.00264pt too wide) in paragraph at lines 249--249
[]|\OT1/cmr/m/n/12 $1.584.736| 
 []


Overfull \hbox (8.00264pt too wide) in paragraph at lines 249--249
[]|\OT1/cmr/m/n/12 $1.500.000| 
 []


Overfull \hbox (8.00264pt too wide) in paragraph at lines 249--249
[]|\OT1/cmr/m/n/12 $1.500.000| 
 []


Overfull \hbox (8.00264pt too wide) in paragraph at lines 249--249
[]|\OT1/cmr/m/n/12 $1.600.000| 
 []


Overfull \hbox (8.00264pt too wide) in paragraph at lines 249--249
[]|\OT1/cmr/m/n/12 $3.740.000| 
 []


Overfull \hbox (8.00264pt too wide) in paragraph at lines 249--249
[]|\OT1/cmr/m/n/12 $6.184.000| 
 []


Overfull \hbox (4.73878pt too wide) in paragraph at lines 249--249
[]|\OT1/cmr/m/n/12 $3.135392| 
 []


Overfull \hbox (2.49666pt too wide) in paragraph at lines 249--249
[]|\OT1/cmr/m/n/12 $13.059.392| 
 []


Overfull \hbox (4.06073pt too wide) in paragraph at lines 249--250
 [] 
 []


Underfull \vbox (badness 10000) has occurred while \output is active []

 [21]
<cronograma_parte_1.png, id=472, 1294.8375pt x 582.175pt>
File: cronograma_parte_1.png Graphic file (type png)

<use cronograma_parte_1.png>
Package pdftex.def Info: cronograma_parte_1.png used on input line 259.
(pdftex.def)             Requested size: 459.66064pt x 206.66913pt.

Overfull \hbox (15.79765pt too wide) in paragraph at lines 259--260
 [][] 
 []

<cronograma_parte_2.png, id=474, 1146.2825pt x 591.20876pt>
File: cronograma_parte_2.png Graphic file (type png)

<use cronograma_parte_2.png>
Package pdftex.def Info: cronograma_parte_2.png used on input line 263.
(pdftex.def)             Requested size: 458.50488pt x 236.47931pt.

Overfull \hbox (14.64189pt too wide) in paragraph at lines 263--264
 [][] 
 []


Underfull \vbox (badness 10000) has occurred while \output is active []

 [22]
[23 <C:/Users/oarce/Desktop/Proyecto Grado/proyecto-grado/trunk/Trabajo de grad
o/Trabajo_latex_2/cronograma_parte_1.png> <C:/Users/oarce/Desktop/Proyecto Grad
o/proyecto-grado/trunk/Trabajo de grado/Trabajo_latex_2/cronograma_parte_2.png>
]
Underfull \hbox (badness 10000) in paragraph at lines 270--271

 []

<Desarrollo_1.png, id=485, 344.03531pt x 335.00156pt>
File: Desarrollo_1.png Graphic file (type png)
 <use Desarrollo_1.png>
Package pdftex.def Info: Desarrollo_1.png used on input line 276.
(pdftex.def)             Requested size: 292.4314pt x 284.75266pt.

Underfull \vbox (badness 10000) has occurred while \output is active []

 [24

 <C:/Users/oarce/Desktop/Proyecto Grado/proyecto-grado/trunk/Trabajo de grado/T
rabajo_latex_2/Desarrollo_1.png>]
Underfull \hbox (badness 10000) in paragraph at lines 289--290

 []


Underfull \hbox (badness 10000) in paragraph at lines 303--306

 []


Underfull \hbox (badness 10000) in paragraph at lines 303--306

 []


Underfull \hbox (badness 10000) in paragraph at lines 303--306

 []


Underfull \vbox (badness 10000) has occurred while \output is active []

 [25]
<Tabla1.png, id=496, 539.01375pt x 503.8825pt>
File: Tabla1.png Graphic file (type png)
 <use Tabla1.png>
Package pdftex.def Info: Tabla1.png used on input line 309.
(pdftex.def)             Requested size: 296.45847pt x 277.13623pt.
 [26 <C:/Users/oarce/Desktop/Proyecto Grado/proyecto-grado/trunk/Trabajo de gra
do/Trabajo_latex_2/Tabla1.png>]
Underfull \vbox (badness 10000) has occurred while \output is active []

 [27]
Overfull \hbox (20.22047pt too wide) in paragraph at lines 331--332
\OT1/cmr/m/n/12 EL COM-POR-TAMIENTO DE UN PA-CIENTE DI-AG-NOS-TI-CADO CON TRANS
TORNO
 []


Underfull \hbox (badness 10000) in paragraph at lines 333--334

 []


Underfull \vbox (badness 10000) detected at line 400
 []

[28] [29]
Underfull \hbox (badness 10000) in paragraph at lines 417--418

 []


Underfull \vbox (badness 10000) detected at line 476
 []

[30] [31]
Underfull \hbox (badness 10000) in paragraph at lines 479--480

 []


Underfull \vbox (badness 10000) detected at line 542
 []

[32]
Underfull \hbox (badness 10000) in paragraph at lines 560--561

 []


Underfull \vbox (badness 10000) has occurred while \output is active []

 [33]
Underfull \vbox (badness 10000) detected at line 617
 []

[34]
Underfull \hbox (badness 10000) in paragraph at lines 621--622

 []


Underfull \vbox (badness 10000) detected at line 679
 []

[35] [36]
Underfull \hbox (badness 10000) in paragraph at lines 694--695

 []


Underfull \vbox (badness 10000) detected at line 747
 []

[37] [38]
Underfull \hbox (badness 10000) in paragraph at lines 772--773

 []


Underfull \vbox (badness 10000) detected at line 831
 []

[39] [40] <diseno1.png, id=719, 412.9026pt x 262.581pt>
File: diseno1.png Graphic file (type png)
 <use diseno1.png>
Package pdftex.def Info: diseno1.png used on input line 879.
(pdftex.def)             Requested size: 330.32251pt x 210.06506pt.

Underfull \vbox (badness 10000) has occurred while \output is active []

 [41]
<diseno2.png, id=729, 933.4875pt x 621.32124pt>
File: diseno2.png Graphic file (type png)
 <use diseno2.png>
Package pdftex.def Info: diseno2.png used on input line 889.
(pdftex.def)             Requested size: 280.04842pt x 186.39781pt.
 [42 <C:/Users/oarce/Desktop/Proyecto Grado/proyecto-grado/trunk/Trabajo de gra
do/Trabajo_latex_2/diseno1.png> <C:/Users/oarce/Desktop/Proyecto Grado/proyecto
-grado/trunk/Trabajo de grado/Trabajo_latex_2/diseno2.png>]
<diseno_3.png, id=734, 367.3725pt x 272.51813pt>
File: diseno_3.png Graphic file (type png)
 <use diseno_3.png>
Package pdftex.def Info: diseno_3.png used on input line 921.
(pdftex.def)             Requested size: 367.37158pt x 272.51746pt.

Underfull \vbox (badness 10000) has occurred while \output is active []

 [43]
<diseno4.png, id=744, 301.125pt x 168.63pt>
File: diseno4.png Graphic file (type png)
 <use diseno4.png>
Package pdftex.def Info: diseno4.png used on input line 935.
(pdftex.def)             Requested size: 301.12425pt x 168.62958pt.

Underfull \vbox (badness 10000) has occurred while \output is active []

 [44 <C:/Users/oarce/Desktop/Proyecto Grado/proyecto-grado/trunk/Trabajo de gra
do/Trabajo_latex_2/diseno_3.png>] <diseno5.png, id=752, 521.95pt x 394.47375pt>
File: diseno5.png Graphic file (type png)

<use diseno5.png>
Package pdftex.def Info: diseno5.png used on input line 944.
(pdftex.def)             Requested size: 339.26347pt x 256.40489pt.
 [45 <C:/Users/oarce/Desktop/Proyecto Grado/proyecto-grado/trunk/Trabajo de gra
do/Trabajo_latex_2/diseno4.png> <C:/Users/oarce/Desktop/Proyecto Grado/proyecto
-grado/trunk/Trabajo de grado/Trabajo_latex_2/diseno5.png>]
<diseno6.png, id=758, 290.08376pt x 486.81876pt>
File: diseno6.png Graphic file (type png)
 <use diseno6.png>
Package pdftex.def Info: diseno6.png used on input line 959.
(pdftex.def)             Requested size: 188.5522pt x 316.42844pt.

Overfull \hbox (10.6438pt too wide) in paragraph at lines 974--975
[][] 
 []


Underfull \vbox (badness 10000) has occurred while \output is active []

 [46 <C:/Users/oarce/Desktop/Proyecto Grado/proyecto-grado/trunk/Trabajo de gra
do/Trabajo_latex_2/diseno6.png>] <diseno7.png, id=768, 188.20313pt x 145.29282p
t>
File: diseno7.png Graphic file (type png)

<use diseno7.png>
Package pdftex.def Info: diseno7.png used on input line 982.
(pdftex.def)             Requested size: 131.74127pt x 101.70427pt.
 <diseno8.png, id=769, 188.20313pt x 146.04562pt>
File: diseno8.png Graphic file (type png)

<use diseno8.png>
Package pdftex.def Info: diseno8.png used on input line 988.
(pdftex.def)             Requested size: 207.02406pt x 160.65065pt.
 <diseno9.png, id=770, 225.84375pt x 111.41624pt>
File: diseno9.png Graphic file (type png)

<use diseno9.png>
Package pdftex.def Info: diseno9.png used on input line 995.
(pdftex.def)             Requested size: 158.08954pt x 77.99083pt.
 [47 <C:/Users/oarce/Desktop/Proyecto Grado/proyecto-grado/trunk/Trabajo de gra
do/Trabajo_latex_2/diseno7.png> <C:/Users/oarce/Desktop/Proyecto Grado/proyecto
-grado/trunk/Trabajo de grado/Trabajo_latex_2/diseno8.png>]
<diseno10.png, id=777, 297.36093pt x 115.18031pt>
File: diseno10.png Graphic file (type png)
 <use diseno10.png>
Package pdftex.def Info: diseno10.png used on input line 1001.
(pdftex.def)             Requested size: 208.15123pt x 80.62564pt.

<diseno12.png, id=778, 197.73875pt x 239.89626pt>
File: diseno12.png Graphic file (type png)
 <use diseno12.png>
Package pdftex.def Info: diseno12.png used on input line 1007.
(pdftex.def)             Requested size: 138.41617pt x 167.92622pt.

<diseno13.png, id=779, 275.0275pt x 195.73125pt>
File: diseno13.png Graphic file (type png)
 <use diseno13.png>
Package pdftex.def Info: diseno13.png used on input line 1014.
(pdftex.def)             Requested size: 192.51793pt x 137.01093pt.

Underfull \vbox (badness 10000) has occurred while \output is active []

 [48 <C:/Users/oarce/Desktop/Proyecto Grado/proyecto-grado/trunk/Trabajo de gra
do/Trabajo_latex_2/diseno9.png> <C:/Users/oarce/Desktop/Proyecto Grado/proyecto
-grado/trunk/Trabajo de grado/Trabajo_latex_2/diseno10.png> <C:/Users/oarce/Des
ktop/Proyecto Grado/proyecto-grado/trunk/Trabajo de grado/Trabajo_latex_2/disen
o12.png>]
<diseno14.png, id=786, 150.5625pt x 143.03438pt>
File: diseno14.png Graphic file (type png)
 <use diseno14.png>
Package pdftex.def Info: diseno14.png used on input line 1020.
(pdftex.def)             Requested size: 150.56212pt x 143.03401pt.

<diseno15.png, id=787, 334.24875pt x 188.705pt>
File: diseno15.png Graphic file (type png)
 <use diseno15.png>
Package pdftex.def Info: diseno15.png used on input line 1026.
(pdftex.def)             Requested size: 233.97252pt x 132.09259pt.

<diseno16.png, id=788, 634.37pt x 583.17876pt>
File: diseno16.png Graphic file (type png)
 <use diseno16.png>
Package pdftex.def Info: diseno16.png used on input line 1032.
(pdftex.def)             Requested size: 317.18422pt x 291.58867pt.

Underfull \vbox (badness 10000) has occurred while \output is active []

 [49 <C:/Users/oarce/Desktop/Proyecto Grado/proyecto-grado/trunk/Trabajo de gra
do/Trabajo_latex_2/diseno13.png> <C:/Users/oarce/Desktop/Proyecto Grado/proyect
o-grado/trunk/Trabajo de grado/Trabajo_latex_2/diseno14.png> <C:/Users/oarce/De
sktop/Proyecto Grado/proyecto-grado/trunk/Trabajo de grado/Trabajo_latex_2/dise
no15.png>]
<diseno17.png, id=795, 679.53876pt x 495.8525pt>
File: diseno17.png Graphic file (type png)
 <use diseno17.png>
Package pdftex.def Info: diseno17.png used on input line 1038.
(pdftex.def)             Requested size: 339.76855pt x 247.92564pt.

Underfull \vbox (badness 10000) has occurred while \output is active []

 [50 <C:/Users/oarce/Desktop/Proyecto Grado/proyecto-grado/trunk/Trabajo de gra
do/Trabajo_latex_2/diseno16.png>] <diseno18.png, id=800, 591.20876pt x 239.8962
6pt>
File: diseno18.png Graphic file (type png)

<use diseno18.png>
Package pdftex.def Info: diseno18.png used on input line 1044.
(pdftex.def)             Requested size: 295.60365pt x 119.94783pt.
 <diseno19.png, id=801, 597.23125pt x 335.2525pt>
File: diseno19.png Graphic file (type png)

<use diseno19.png>
Package pdftex.def Info: diseno19.png used on input line 1050.
(pdftex.def)             Requested size: 298.61488pt x 167.62584pt.

Underfull \vbox (badness 10000) has occurred while \output is active []

 [51 <C:/Users/oarce/Desktop/Proyecto Grado/proyecto-grado/trunk/Trabajo de gra
do/Trabajo_latex_2/diseno17.png> <C:/Users/oarce/Desktop/Proyecto Grado/proyect
o-grado/trunk/Trabajo de grado/Trabajo_latex_2/diseno18.png>]
<diseno20.png, id=806, 578.16pt x 475.7775pt>
File: diseno20.png Graphic file (type png)
 <use diseno20.png>
Package pdftex.def Info: diseno20.png used on input line 1056.
(pdftex.def)             Requested size: 289.07928pt x 237.88815pt.

Underfull \vbox (badness 10000) has occurred while \output is active []

 [52 <C:/Users/oarce/Desktop/Proyecto Grado/proyecto-grado/trunk/Trabajo de gra
do/Trabajo_latex_2/diseno19.png> <C:/Users/oarce/Desktop/Proyecto Grado/proyect
o-grado/trunk/Trabajo de grado/Trabajo_latex_2/diseno20.png>]
<implementacion1.png, id=811, 188.20313pt x 192.72pt>
File: implementacion1.png Graphic file (type png)

<use implementacion1.png>
Package pdftex.def Info: implementacion1.png used on input line 1068.
(pdftex.def)             Requested size: 188.20265pt x 192.71951pt.

<implementacion2.png, id=812, 1014.03844pt x 467.49657pt>
File: implementacion2.png Graphic file (type png)

<use implementacion2.png>
Package pdftex.def Info: implementacion2.png used on input line 1076.
(pdftex.def)             Requested size: 304.21388pt x 140.25005pt.

Underfull \vbox (badness 10000) has occurred while \output is active []

 [53 <C:/Users/oarce/Desktop/Proyecto Grado/proyecto-grado/trunk/Trabajo de gra
do/Trabajo_latex_2/implementacion1.png>]
<implementacion3.png, id=818, 602.25pt x 489.32813pt>
File: implementacion3.png Graphic file (type png)

<use implementacion3.png>
Package pdftex.def Info: implementacion3.png used on input line 1084.
(pdftex.def)             Requested size: 398.33858pt x 323.65941pt.
 [54 <C:/Users/oarce/Desktop/Proyecto Grado/proyecto-grado/trunk/Trabajo de gra
do/Trabajo_latex_2/implementacion2.png> <C:/Users/oarce/Desktop/Proyecto Grado/
proyecto-grado/trunk/Trabajo de grado/Trabajo_latex_2/implementacion3.png>] <im
plementacion4.png, id=825, 730.22812pt x 437.38406pt>
File: implementacion4.png Graphic file (type png)

<use implementacion4.png>
Package pdftex.def Info: implementacion4.png used on input line 1092.
(pdftex.def)             Requested size: 398.33858pt x 238.59315pt.

<implementacion5.png, id=826, 1005.7575pt x 461.47406pt>
File: implementacion5.png Graphic file (type png)

<use implementacion5.png>
Package pdftex.def Info: implementacion5.png used on input line 1100.
(pdftex.def)             Requested size: 398.33858pt x 182.76962pt.
 [55 <C:/Users/oarce/Desktop/Proyecto Grado/proyecto-grado/trunk/Trabajo de gra
do/Trabajo_latex_2/implementacion4.png> <C:/Users/oarce/Desktop/Proyecto Grado/
proyecto-grado/trunk/Trabajo de grado/Trabajo_latex_2/implementacion5.png>] <im
plementacion6.png, id=834, 1017.8025pt x 475.7775pt>
File: implementacion6.png Graphic file (type png)

<use implementacion6.png>
Package pdftex.def Info: implementacion6.png used on input line 1108.
(pdftex.def)             Requested size: 398.33858pt x 186.20584pt.

<implementacion7.png, id=835, 950.80219pt x 469.755pt>
File: implementacion7.png Graphic file (type png)

<use implementacion7.png>
Package pdftex.def Info: implementacion7.png used on input line 1116.
(pdftex.def)             Requested size: 398.33858pt x 196.80116pt.

<implementacion8.png, id=836, 960.58875pt x 441.90094pt>
File: implementacion8.png Graphic file (type png)

<use implementacion8.png>
Package pdftex.def Info: implementacion8.png used on input line 1124.
(pdftex.def)             Requested size: 398.33858pt x 183.25061pt.

Underfull \vbox (badness 1184) has occurred while \output is active []

 [56 <C:/Users/oarce/Desktop/Proyecto Grado/proyecto-grado/trunk/Trabajo de gra
do/Trabajo_latex_2/implementacion6.png> <C:/Users/oarce/Desktop/Proyecto Grado/
proyecto-grado/trunk/Trabajo de grado/Trabajo_latex_2/implementacion7.png>]
<implementacion9.png, id=843, 981.6675pt x 298.86656pt>
File: implementacion9.png Graphic file (type png)

<use implementacion9.png>
Package pdftex.def Info: implementacion9.png used on input line 1132.
(pdftex.def)             Requested size: 398.33858pt x 121.27286pt.

<implementacion10.png, id=844, 305.14pt x 257.96375pt>
File: implementacion10.png Graphic file (type png)

<use implementacion10.png>
Package pdftex.def Info: implementacion10.png used on input line 1142.
(pdftex.def)             Requested size: 244.11232pt x 206.37126pt.

Underfull \vbox (badness 10000) has occurred while \output is active []

 [57 <C:/Users/oarce/Desktop/Proyecto Grado/proyecto-grado/trunk/Trabajo de gra
do/Trabajo_latex_2/implementacion8.png> <C:/Users/oarce/Desktop/Proyecto Grado/
proyecto-grado/trunk/Trabajo de grado/Trabajo_latex_2/implementacion9.png>]
Overfull \hbox (5.27402pt too wide) in paragraph at lines 1172--1173
\OT1/cmr/m/n/12 El pro-totipo Tele-care se probo pro-gre-si-va-mente du-rante 
el de-sar-rollo y la im-ple-mentacion,
 []


Underfull \vbox (badness 10000) has occurred while \output is active []

 [58 <C:/Users/oarce/Desktop/Proyecto Grado/proyecto-grado/trunk/Trabajo de gra
do/Trabajo_latex_2/implementacion10.png>]
Underfull \hbox (badness 10000) in paragraph at lines 1178--1181

 []

<Pruebas-hardware-1.png, id=860, 444.15938pt x 350.81062pt>
File: Pruebas-hardware-1.png Graphic file (type png)

<use Pruebas-hardware-1.png>
Package pdftex.def Info: Pruebas-hardware-1.png used on input line 1188.
(pdftex.def)             Requested size: 222.07913pt x 175.40488pt.

Underfull \vbox (badness 10000) has occurred while \output is active []

 [59]
<Pruebas-hardware-2.png, id=865, 443.40656pt x 319.1925pt>
File: Pruebas-hardware-2.png Graphic file (type png)

<use Pruebas-hardware-2.png>
Package pdftex.def Info: Pruebas-hardware-2.png used on input line 1197.
(pdftex.def)             Requested size: 221.70273pt x 159.59586pt.

<Pruebas-hardware-3.png, id=866, 443.40656pt x 290.58563pt>
File: Pruebas-hardware-3.png Graphic file (type png)

<use Pruebas-hardware-3.png>
Package pdftex.def Info: Pruebas-hardware-3.png used on input line 1206.
(pdftex.def)             Requested size: 221.70273pt x 145.29245pt.

Underfull \vbox (badness 10000) has occurred while \output is active []

 [60 <C:/Users/oarce/Desktop/Proyecto Grado/proyecto-grado/trunk/Trabajo de gra
do/Trabajo_latex_2/Pruebas-hardware-1.png> <C:/Users/oarce/Desktop/Proyecto Gra
do/proyecto-grado/trunk/Trabajo de grado/Trabajo_latex_2/Pruebas-hardware-2.png
>]
<Pruebas-hardware-4.png, id=871, 443.40656pt x 318.43968pt>
File: Pruebas-hardware-4.png Graphic file (type png)

<use Pruebas-hardware-4.png>
Package pdftex.def Info: Pruebas-hardware-4.png used on input line 1215.
(pdftex.def)             Requested size: 221.70273pt x 159.21945pt.

Underfull \vbox (badness 10000) has occurred while \output is active []

 [61 <C:/Users/oarce/Desktop/Proyecto Grado/proyecto-grado/trunk/Trabajo de gra
do/Trabajo_latex_2/Pruebas-hardware-3.png> <C:/Users/oarce/Desktop/Proyecto Gra
do/proyecto-grado/trunk/Trabajo de grado/Trabajo_latex_2/Pruebas-hardware-4.png
>]
Underfull \hbox (badness 10000) in paragraph at lines 1230--1231

 []

<Pruebas-hardware-5.png, id=877, 348.55219pt x 266.49562pt>
File: Pruebas-hardware-5.png Graphic file (type png)

<use Pruebas-hardware-5.png>
Package pdftex.def Info: Pruebas-hardware-5.png used on input line 1238.
(pdftex.def)             Requested size: 243.98485pt x 186.54565pt.

<Pruebas-hardware-6.png, id=878, 443.40656pt x 252.19218pt>
File: Pruebas-hardware-6.png Graphic file (type png)

<use Pruebas-hardware-6.png>
Package pdftex.def Info: Pruebas-hardware-6.png used on input line 1247.
(pdftex.def)             Requested size: 310.38248pt x 176.53331pt.

Underfull \vbox (badness 2096) has occurred while \output is active []

 [62 <C:/Users/oarce/Desktop/Proyecto Grado/proyecto-grado/trunk/Trabajo de gra
do/Trabajo_latex_2/Pruebas-hardware-5.png>]
<Pruebas-hardware-7.png, id=883, 306.39468pt x 317.68687pt>
File: Pruebas-hardware-7.png Graphic file (type png)

<use Pruebas-hardware-7.png>
Package pdftex.def Info: Pruebas-hardware-7.png used on input line 1256.
(pdftex.def)             Requested size: 214.47481pt x 222.37927pt.

Underfull \vbox (badness 2698) has occurred while \output is active []

 [63 <C:/Users/oarce/Desktop/Proyecto Grado/proyecto-grado/trunk/Trabajo de gra
do/Trabajo_latex_2/Pruebas-hardware-6.png> <C:/Users/oarce/Desktop/Proyecto Gra
do/proyecto-grado/trunk/Trabajo de grado/Trabajo_latex_2/Pruebas-hardware-7.png
>]
<Pruebas-hardware-8.png, id=888, 216.05719pt x 328.97906pt>
File: Pruebas-hardware-8.png Graphic file (type png)

<use Pruebas-hardware-8.png>
Package pdftex.def Info: Pruebas-hardware-8.png used on input line 1266.
(pdftex.def)             Requested size: 129.6353pt x 197.38895pt.

<Pruebas-hardware-9.png, id=889, 443.40656pt x 225.09094pt>
File: Pruebas-hardware-9.png Graphic file (type png)

<use Pruebas-hardware-9.png>
Package pdftex.def Info: Pruebas-hardware-9.png used on input line 1276.
(pdftex.def)             Requested size: 354.72572pt x 180.07298pt.
 [64 <C:/Users/oarce/Desktop/Proyecto Grado/proyecto-grado/trunk/Trabajo de gra
do/Trabajo_latex_2/Pruebas-hardware-8.png> <C:/Users/oarce/Desktop/Proyecto Gra
do/proyecto-grado/trunk/Trabajo de grado/Trabajo_latex_2/Pruebas-hardware-9.png
>]
<Pruebas-hardware-10.png, id=894, 443.40656pt x 292.09125pt>
File: Pruebas-hardware-10.png Graphic file (type png)

<use Pruebas-hardware-10.png>
Package pdftex.def Info: Pruebas-hardware-10.png used on input line 1286.
(pdftex.def)             Requested size: 354.72572pt x 233.6733pt.

<Pruebas-hardware-13.png, id=896, 438.13687pt x 109.1578pt>
File: Pruebas-hardware-13.png Graphic file (type png)

<use Pruebas-hardware-13.png>
Package pdftex.def Info: Pruebas-hardware-13.png used on input line 1300.
(pdftex.def)             Requested size: 350.50996pt x 87.32635pt.
 [65 <C:/Users/oarce/Desktop/Proyecto Grado/proyecto-grado/trunk/Trabajo de gra
do/Trabajo_latex_2/Pruebas-hardware-10.png> <C:/Users/oarce/Desktop/Proyecto Gr
ado/proyecto-grado/trunk/Trabajo de grado/Trabajo_latex_2/Pruebas-hardware-13.p
ng>]
<Pruebas-hardware-11.png, id=902, 443.40656pt x 194.22563pt>
File: Pruebas-hardware-11.png Graphic file (type png)

<use Pruebas-hardware-11.png>
Package pdftex.def Info: Pruebas-hardware-11.png used on input line 1314.
(pdftex.def)             Requested size: 376.89735pt x 165.09254pt.

<Pruebas-hardware-12.png, id=903, 443.40656pt x 235.63031pt>
File: Pruebas-hardware-12.png Graphic file (type png)

<use Pruebas-hardware-12.png>
Package pdftex.def Info: Pruebas-hardware-12.png used on input line 1323.
(pdftex.def)             Requested size: 376.89735pt x 200.2867pt.

Underfull \vbox (badness 10000) has occurred while \output is active []

 [66 <C:/Users/oarce/Desktop/Proyecto Grado/proyecto-grado/trunk/Trabajo de gra
do/Trabajo_latex_2/Pruebas-hardware-11.png>]
Underfull \hbox (badness 10000) in paragraph at lines 1333--1344

 []


Underfull \vbox (badness 10000) has occurred while \output is active []

 [67 <C:/Users/oarce/Desktop/Proyecto Grado/proyecto-grado/trunk/Trabajo de gra
do/Trabajo_latex_2/Pruebas-hardware-12.png>]
<Pruebas-aceptacion-1.png, id=913, 365.86688pt x 441.14813pt>
File: Pruebas-aceptacion-1.png Graphic file (type png)

<use Pruebas-aceptacion-1.png>
Package pdftex.def Info: Pruebas-aceptacion-1.png used on input line 1347.
(pdftex.def)             Requested size: 182.93298pt x 220.57352pt.

<Pruebas-aceptacion-2.png, id=914, 716.6775pt x 469.755pt>
File: Pruebas-aceptacion-2.png Graphic file (type png)

<use Pruebas-aceptacion-2.png>
Package pdftex.def Info: Pruebas-aceptacion-2.png used on input line 1352.
(pdftex.def)             Requested size: 358.33788pt x 234.87692pt.

Underfull \hbox (badness 10000) in paragraph at lines 1349--1353

 []

<Pruebas-aceptacion-3.png, id=915, 443.40656pt x 165.61874pt>
File: Pruebas-aceptacion-3.png Graphic file (type png)

<use Pruebas-aceptacion-3.png>
Package pdftex.def Info: Pruebas-aceptacion-3.png used on input line 1357.
(pdftex.def)             Requested size: 284.52756pt x 106.28119pt.

Underfull \hbox (badness 10000) in paragraph at lines 1354--1358

 []


Underfull \vbox (badness 4156) has occurred while \output is active []

 [68 <C:/Users/oarce/Desktop/Proyecto Grado/proyecto-grado/trunk/Trabajo de gra
do/Trabajo_latex_2/Pruebas-aceptacion-1.png> <C:/Users/oarce/Desktop/Proyecto G
rado/proyecto-grado/trunk/Trabajo de grado/Trabajo_latex_2/Pruebas-aceptacion-2
.png>]
<Pruebas-aceptacion-4.png, id=920, 443.40656pt x 246.1697pt>
File: Pruebas-aceptacion-4.png Graphic file (type png)

<use Pruebas-aceptacion-4.png>
Package pdftex.def Info: Pruebas-aceptacion-4.png used on input line 1362.
(pdftex.def)             Requested size: 284.52756pt x 157.9725pt.

Underfull \hbox (badness 10000) in paragraph at lines 1359--1363

 []

<Pruebas-aceptacion-5.png, id=921, 443.40656pt x 219.06844pt>
File: Pruebas-aceptacion-5.png Graphic file (type png)

<use Pruebas-aceptacion-5.png>
Package pdftex.def Info: Pruebas-aceptacion-5.png used on input line 1367.
(pdftex.def)             Requested size: 284.52756pt x 140.58104pt.

Underfull \hbox (badness 10000) in paragraph at lines 1364--1368

 []

<Pruebas-aceptacion-6.png, id=922, 443.40656pt x 382.42876pt>
File: Pruebas-aceptacion-6.png Graphic file (type png)

<use Pruebas-aceptacion-6.png>
Package pdftex.def Info: Pruebas-aceptacion-6.png used on input line 1372.
(pdftex.def)             Requested size: 284.52756pt x 245.41296pt.

Underfull \hbox (badness 10000) in paragraph at lines 1369--1373

 []

[69 <C:/Users/oarce/Desktop/Proyecto Grado/proyecto-grado/trunk/Trabajo de grad
o/Trabajo_latex_2/Pruebas-aceptacion-3.png> <C:/Users/oarce/Desktop/Proyecto Gr
ado/proyecto-grado/trunk/Trabajo de grado/Trabajo_latex_2/Pruebas-aceptacion-4.
png> <C:/Users/oarce/Desktop/Proyecto Grado/proyecto-grado/trunk/Trabajo de gra
do/Trabajo_latex_2/Pruebas-aceptacion-5.png>]
<Pruebas-aceptacion-7.png, id=927, 342.5297pt x 325.96782pt>
File: Pruebas-aceptacion-7.png Graphic file (type png)

<use Pruebas-aceptacion-7.png>
Package pdftex.def Info: Pruebas-aceptacion-7.png used on input line 1378.
(pdftex.def)             Requested size: 284.52756pt x 270.79195pt.

Underfull \hbox (badness 10000) in paragraph at lines 1375--1379

 []


Underfull \hbox (badness 10000) in paragraph at lines 1381--1382

 []

[70 <C:/Users/oarce/Desktop/Proyecto Grado/proyecto-grado/trunk/Trabajo de grad
o/Trabajo_latex_2/Pruebas-aceptacion-6.png> <C:/Users/oarce/Desktop/Proyecto Gr
ado/proyecto-grado/trunk/Trabajo de grado/Trabajo_latex_2/Pruebas-aceptacion-7.
png>] <Pruebas-aceptacion-8.png, id=932, 227.34938pt x 229.60782pt>
File: Pruebas-aceptacion-8.png Graphic file (type png)

<use Pruebas-aceptacion-8.png>
Package pdftex.def Info: Pruebas-aceptacion-8.png used on input line 1385.
(pdftex.def)             Requested size: 227.34882pt x 229.60725pt.

<Pruebas-aceptacion-9.png, id=933, 204.765pt x 229.60782pt>
File: Pruebas-aceptacion-9.png Graphic file (type png)

<use Pruebas-aceptacion-9.png>
Package pdftex.def Info: Pruebas-aceptacion-9.png used on input line 1390.
(pdftex.def)             Requested size: 204.76448pt x 229.60725pt.

<Pruebas-aceptacion-10.png, id=934, 443.40656pt x 169.38281pt>
File: Pruebas-aceptacion-10.png Graphic file (type png)

<use Pruebas-aceptacion-10.png>
Package pdftex.def Info: Pruebas-aceptacion-10.png used on input line 1396.
(pdftex.def)             Requested size: 284.52756pt x 108.69667pt.

Underfull \hbox (badness 10000) in paragraph at lines 1393--1397

 []

[71 <C:/Users/oarce/Desktop/Proyecto Grado/proyecto-grado/trunk/Trabajo de grad
o/Trabajo_latex_2/Pruebas-aceptacion-8.png> <C:/Users/oarce/Desktop/Proyecto Gr
ado/proyecto-grado/trunk/Trabajo de grado/Trabajo_latex_2/Pruebas-aceptacion-9.
png>] <Pruebas-aceptacion-11.png, id=939, 387.69844pt x 116.68594pt>
File: Pruebas-aceptacion-11.png Graphic file (type png)

<use Pruebas-aceptacion-11.png>
Package pdftex.def Info: Pruebas-aceptacion-11.png used on input line 1402.
(pdftex.def)             Requested size: 284.52756pt x 85.63582pt.

Underfull \hbox (badness 10000) in paragraph at lines 1399--1403

 []

<Pruebas-aceptacion-12.png, id=940, 407.27156pt x 213.04594pt>
File: Pruebas-aceptacion-12.png Graphic file (type png)

<use Pruebas-aceptacion-12.png>
Package pdftex.def Info: Pruebas-aceptacion-12.png used on input line 1407.
(pdftex.def)             Requested size: 284.52756pt x 148.84506pt.

Underfull \hbox (badness 10000) in paragraph at lines 1404--1408

 []

<Pruebas-aceptacion-13.png, id=941, 443.40656pt x 175.40532pt>
File: Pruebas-aceptacion-13.png Graphic file (type png)

<use Pruebas-aceptacion-13.png>
Package pdftex.def Info: Pruebas-aceptacion-13.png used on input line 1426.
(pdftex.def)             Requested size: 443.40547pt x 175.40488pt.

Underfull \hbox (badness 10000) in paragraph at lines 1411--1427

 []

[72 <C:/Users/oarce/Desktop/Proyecto Grado/proyecto-grado/trunk/Trabajo de grad
o/Trabajo_latex_2/Pruebas-aceptacion-10.png> <C:/Users/oarce/Desktop/Proyecto G
rado/proyecto-grado/trunk/Trabajo de grado/Trabajo_latex_2/Pruebas-aceptacion-1
1.png> <C:/Users/oarce/Desktop/Proyecto Grado/proyecto-grado/trunk/Trabajo de g
rado/Trabajo_latex_2/Pruebas-aceptacion-12.png>]
<Pruebas-aceptacion-14.png, id=946, 392.21532pt x 425.33907pt>
File: Pruebas-aceptacion-14.png Graphic file (type png)

<use Pruebas-aceptacion-14.png>
Package pdftex.def Info: Pruebas-aceptacion-14.png used on input line 1431.
(pdftex.def)             Requested size: 392.21436pt x 425.33801pt.

Underfull \vbox (badness 10000) has occurred while \output is active []

 [73 <C:/Users/oarce/Desktop/Proyecto Grado/proyecto-grado/trunk/Trabajo de gra
do/Trabajo_latex_2/Pruebas-aceptacion-13.png>]
<Pruebas-aceptacion-17.png, id=952, 398.99063pt x 432.86719pt>
File: Pruebas-aceptacion-17.png Graphic file (type png)

<use Pruebas-aceptacion-17.png>
Package pdftex.def Info: Pruebas-aceptacion-17.png used on input line 1436.
(pdftex.def)             Requested size: 359.08824pt x 389.57686pt.

Underfull \vbox (badness 10000) has occurred while \output is active []

 [74 <C:/Users/oarce/Desktop/Proyecto Grado/proyecto-grado/trunk/Trabajo de gra
do/Trabajo_latex_2/Pruebas-aceptacion-14.png>]
<Pruebas-aceptacion-18.png, id=957, 395.97937pt x 188.95593pt>
File: Pruebas-aceptacion-18.png Graphic file (type png)

<use Pruebas-aceptacion-18.png>
Package pdftex.def Info: Pruebas-aceptacion-18.png used on input line 1441.
(pdftex.def)             Requested size: 316.78392pt x 151.16493pt.

<Pruebas-aceptacion-19.png, id=958, 399.74344pt x 335.75438pt>
File: Pruebas-aceptacion-19.png Graphic file (type png)

<use Pruebas-aceptacion-19.png>
Package pdftex.def Info: Pruebas-aceptacion-19.png used on input line 1445.
(pdftex.def)             Requested size: 279.81848pt x 235.02646pt.

Underfull \vbox (badness 10000) has occurred while \output is active []

 [75 <C:/Users/oarce/Desktop/Proyecto Grado/proyecto-grado/trunk/Trabajo de gra
do/Trabajo_latex_2/Pruebas-aceptacion-17.png> <C:/Users/oarce/Desktop/Proyecto 
Grado/proyecto-grado/trunk/Trabajo de grado/Trabajo_latex_2/Pruebas-aceptacion-
18.png>]
<Pruebas-aceptacion-20.png, id=963, 371.88937pt x 264.23718pt>
File: Pruebas-aceptacion-20.png Graphic file (type png)

<use Pruebas-aceptacion-20.png>
Package pdftex.def Info: Pruebas-aceptacion-20.png used on input line 1450.
(pdftex.def)             Requested size: 284.52756pt x 202.16899pt.

Underfull \hbox (badness 10000) in paragraph at lines 1447--1451

 []


Package hyperref Warning: Token not allowed in a PDF string (PDFDocEncoding):
(hyperref)                removing `\\' on input line 1454.


Underfull \hbox (badness 10000) in paragraph at lines 1454--1464

 []

[76 <C:/Users/oarce/Desktop/Proyecto Grado/proyecto-grado/trunk/Trabajo de grad
o/Trabajo_latex_2/Pruebas-aceptacion-19.png> <C:/Users/oarce/Desktop/Proyecto G
rado/proyecto-grado/trunk/Trabajo de grado/Trabajo_latex_2/Pruebas-aceptacion-2
0.png>] <Pruebas-aceptacion-21.png, id=968, 172.39406pt x 153.57375pt>
File: Pruebas-aceptacion-21.png Graphic file (type png)

<use Pruebas-aceptacion-21.png>
Package pdftex.def Info: Pruebas-aceptacion-21.png used on input line 1467.
(pdftex.def)             Requested size: 172.39363pt x 153.57336pt.

<Pruebas-aceptacion-22.png, id=969, 443.40656pt x 198.7425pt>
File: Pruebas-aceptacion-22.png Graphic file (type png)

<use Pruebas-aceptacion-22.png>
Package pdftex.def Info: Pruebas-aceptacion-22.png used on input line 1472.
(pdftex.def)             Requested size: 284.52756pt x 127.53743pt.

Underfull \hbox (badness 10000) in paragraph at lines 1469--1473

 []

<Pruebas-aceptacion-23.png, id=970, 439.6425pt x 114.4275pt>
File: Pruebas-aceptacion-23.png Graphic file (type png)

<use Pruebas-aceptacion-23.png>
Package pdftex.def Info: Pruebas-aceptacion-23.png used on input line 1477.
(pdftex.def)             Requested size: 284.52756pt x 74.05746pt.

Underfull \hbox (badness 10000) in paragraph at lines 1474--1478

 []

[77 <C:/Users/oarce/Desktop/Proyecto Grado/proyecto-grado/trunk/Trabajo de grad
o/Trabajo_latex_2/Pruebas-aceptacion-21.png> <C:/Users/oarce/Desktop/Proyecto G
rado/proyecto-grado/trunk/Trabajo de grado/Trabajo_latex_2/Pruebas-aceptacion-2
2.png>] <Pruebas-aceptacion-24.png, id=975, 443.40656pt x 295.85532pt>
File: Pruebas-aceptacion-24.png Graphic file (type png)

<use Pruebas-aceptacion-24.png>
Package pdftex.def Info: Pruebas-aceptacion-24.png used on input line 1482.
(pdftex.def)             Requested size: 284.52756pt x 189.85687pt.

Underfull \hbox (badness 10000) in paragraph at lines 1479--1483

 []

<Pruebas-aceptacion-25.png, id=976, 443.40656pt x 242.40562pt>
File: Pruebas-aceptacion-25.png Graphic file (type png)

<use Pruebas-aceptacion-25.png>
Package pdftex.def Info: Pruebas-aceptacion-25.png used on input line 1487.
(pdftex.def)             Requested size: 284.52756pt x 155.55702pt.

Underfull \hbox (badness 10000) in paragraph at lines 1484--1488

 []

<Pruebas-aceptacion-26.png, id=977, 345.54094pt x 241.65282pt>
File: Pruebas-aceptacion-26.png Graphic file (type png)

<use Pruebas-aceptacion-26.png>
Package pdftex.def Info: Pruebas-aceptacion-26.png used on input line 1493.
(pdftex.def)             Requested size: 449.20316pt x 314.14862pt.

Overfull \hbox (5.34016pt too wide) in paragraph at lines 1493--1494
 [][] 
 []


Underfull \hbox (badness 10000) in paragraph at lines 1489--1495

 []

[78 <C:/Users/oarce/Desktop/Proyecto Grado/proyecto-grado/trunk/Trabajo de grad
o/Trabajo_latex_2/Pruebas-aceptacion-23.png> <C:/Users/oarce/Desktop/Proyecto G
rado/proyecto-grado/trunk/Trabajo de grado/Trabajo_latex_2/Pruebas-aceptacion-2
4.png> <C:/Users/oarce/Desktop/Proyecto Grado/proyecto-grado/trunk/Trabajo de g
rado/Trabajo_latex_2/Pruebas-aceptacion-25.png>] [79 <C:/Users/oarce/Desktop/Pr
oyecto Grado/proyecto-grado/trunk/Trabajo de grado/Trabajo_latex_2/Pruebas-acep
tacion-26.png>] [80

]
Underfull \vbox (badness 10000) has occurred while \output is active []

 [81

]
("C:\Users\oarce\Desktop\Proyecto Grado\proyecto-grado\trunk\Trabajo de grado\T
rabajo_latex_2\upbthesis.bbl" [82]
Overfull \hbox (10.67952pt too wide) in paragraph at lines 17--21
\OT1/cmr/m/n/12 http://www.scotland.gov.uk/Topics/Health/care/EandA/SharedVocab
ulary/, 2013. 
 []

) [83

]
Package atveryend Info: Empty hook `BeforeClearDocument' on input line 1548.
 [84

]
Package atveryend Info: Empty hook `AfterLastShipout' on input line 1548.

("C:\Users\oarce\Desktop\Proyecto Grado\proyecto-grado\trunk\Trabajo de grado\T
rabajo_latex_2\upbthesis.aux")
Package atveryend Info: Executing hook `AtVeryEndDocument' on input line 1548.
Package atveryend Info: Executing hook `AtEndAfterFileList' on input line 1548.

Package rerunfilecheck Info: File `upbthesis.out' has not changed.
(rerunfilecheck)             Checksum: 075B209F7C4E0420D959F48D0A13EE11;2789.
Package atveryend Info: Empty hook `AtVeryVeryEnd' on input line 1548.
 ) 
Here is how much of TeX's memory you used:
 7506 strings out of 493921
 107691 string characters out of 3154501
 227988 words of memory out of 3000000
 10282 multiletter control sequences out of 15000+200000
 9276 words of font info for 36 fonts, out of 3000000 for 9000
 844 hyphenation exceptions out of 8191
 34i,12n,35p,1177b,564s stack positions out of 5000i,500n,10000p,200000b,50000s
pdfTeX warning (dest): name{section*.10} has been referenced but does not exi
st, replaced by a fixed one

pdfTeX warning (dest): name{section*.9} has been referenced but does not exist,
 replaced by a fixed one

<C:/mikTex/fonts/type1/public/amsfonts/cm/cmbx12.pfb><C:/mikTex/fonts/type1/pub
lic/amsfonts/cm/cmr12.pfb><C:/mikTex/fonts/type1/public/amsfonts/cm/cmsy10.pfb>
<C:/mikTex/fonts/type1/public/amsfonts/cm/cmti12.pfb><C:/mikTex/fonts/type1/pub
lic/amsfonts/cm/cmtt12.pfb>
Output written on upbthesis.pdf (84 pages, 5455502 bytes).
PDF statistics:
 1102 PDF objects out of 1200 (max. 8388607)
 355 named destinations out of 1000 (max. 500000)
 639 words of extra memory for PDF output out of 10000 (max. 10000000)

